# JRE version: OpenJDK Runtime Environment Temurin-17.0.2+8 (17.0.2+8) (build 17.0.2+8)
# Java VM: OpenJDK 64-Bit Server VM Temurin-17.0.2+8 (17.0.2+8, mixed mode, tiered, compressed oops, compressed class ptrs, g1 gc, windows-amd64)
GC Precious Log:
 CPUs: 4 total, 4 available
 Memory: 5941M
 Large Page Support: Disabled
 NUMA Support: Disabled
 Compressed Oops: Enabled (32-bit)
 Heap Region Size: 1M
 Heap Min Capacity: 8M
 Heap Initial Capacity: 94M
 Heap Max Capacity: 1486M
 Pre-touch: Disabled
 Parallel Workers: 4
 Concurrent Workers: 1
 Concurrent Refinement Workers: 4
 Periodic GC: Disabled
Heap:
 garbage-first heap   total 222208K, used 69595K [0x00000000a3200000, 0x0000000100000000)
  region size 1024K, 30 young (30720K), 1 survivors (1024K)
 Metaspace       used 85896K, committed 86592K, reserved 1130496K
  class space    used 10992K, committed 11328K, reserved 1048576K
GC Heap History (20 events):
Event: 329.837 GC heap before
{Heap before GC invocations=274 (full 0):
 garbage-first heap   total 222208K, used 173242K [0x00000000a3200000, 0x0000000100000000)
  region size 1024K, 130 young (133120K), 1 survivors (1024K)
 Metaspace       used 85670K, committed 86400K, reserved 1130496K
  class space    used 10966K, committed 11328K, reserved 1048576K
}
Event: 329.839 GC heap after
{Heap after GC invocations=275 (full 0):
 garbage-first heap   total 222208K, used 40894K [0x00000000a3200000, 0x0000000100000000)
  region size 1024K, 1 young (1024K), 1 survivors (1024K)
 Metaspace       used 85670K, committed 86400K, reserved 1130496K
  class space    used 10966K, committed 11328K, reserved 1048576K
}
Event: 331.701 GC heap before
{Heap before GC invocations=275 (full 0):
 garbage-first heap   total 222208K, used 172990K [0x00000000a3200000, 0x0000000100000000)
  region size 1024K, 130 young (133120K), 1 survivors (1024K)
 Metaspace       used 85670K, committed 86400K, reserved 1130496K
  class space    used 10966K, committed 11328K, reserved 1048576K
}
Event: 331.704 GC heap after
{Heap after GC invocations=276 (full 0):
 garbage-first heap   total 222208K, used 41140K [0x00000000a3200000, 0x0000000100000000)
  region size 1024K, 1 young (1024K), 1 survivors (1024K)
 Metaspace       used 85670K, committed 86400K, reserved 1130496K
  class space    used 10966K, committed 11328K, reserved 1048576K
}
Event: 332.644 GC heap before
{Heap before GC invocations=276 (full 0):
 garbage-first heap   total 222208K, used 173236K [0x00000000a3200000, 0x0000000100000000)
  region size 1024K, 130 young (133120K), 1 survivors (1024K)
 Metaspace       used 85670K, committed 86400K, reserved 1130496K
  class space    used 10966K, committed 11328K, reserved 1048576K
}
Event: 332.650 GC heap after
{Heap after GC invocations=277 (full 0):
 garbage-first heap   total 222208K, used 42265K [0x00000000a3200000, 0x0000000100000000)
  region size 1024K, 2 young (2048K), 2 survivors (2048K)
 Metaspace       used 85670K, committed 86400K, reserved 1130496K
  class space    used 10966K, committed 11328K, reserved 1048576K
}
Event: 334.186 GC heap before
{Heap before GC invocations=277 (full 0):
 garbage-first heap   total 222208K, used 173337K [0x00000000a3200000, 0x0000000100000000)
  region size 1024K, 130 young (133120K), 2 survivors (2048K)
 Metaspace       used 85670K, committed 86400K, reserved 1130496K
  class space    used 10966K, committed 11328K, reserved 1048576K
}
Event: 334.191 GC heap after
{Heap after GC invocations=278 (full 0):
 garbage-first heap   total 222208K, used 42478K [0x00000000a3200000, 0x0000000100000000)
  region size 1024K, 2 young (2048K), 2 survivors (2048K)
 Metaspace       used 85670K, committed 86400K, reserved 1130496K
  class space    used 10966K, committed 11328K, reserved 1048576K
}
Event: 335.602 GC heap before
{Heap before GC invocations=278 (full 0):
 garbage-first heap   total 222208K, used 172526K [0x00000000a3200000, 0x0000000100000000)
  region size 1024K, 130 young (133120K), 2 survivors (2048K)
 Metaspace       used 85670K, committed 86400K, reserved 1130496K
  class space    used 10966K, committed 11328K, reserved 1048576K
}
Event: 335.606 GC heap after
{Heap after GC invocations=279 (full 0):
 garbage-first heap   total 222208K, used 41971K [0x00000000a3200000, 0x0000000100000000)
  region size 1024K, 2 young (2048K), 2 survivors (2048K)
 Metaspace       used 85670K, committed 86400K, reserved 1130496K
  class space    used 10966K, committed 11328K, reserved 1048576K
}
Event: 336.987 GC heap before
{Heap before GC invocations=279 (full 0):
 garbage-first heap   total 222208K, used 173043K [0x00000000a3200000, 0x0000000100000000)
  region size 1024K, 130 young (133120K), 2 survivors (2048K)
 Metaspace       used 85670K, committed 86400K, reserved 1130496K
  class space    used 10966K, committed 11328K, reserved 1048576K
}
Event: 336.990 GC heap after
{Heap after GC invocations=280 (full 0):
 garbage-first heap   total 222208K, used 41396K [0x00000000a3200000, 0x0000000100000000)
  region size 1024K, 1 young (1024K), 1 survivors (1024K)
 Metaspace       used 85670K, committed 86400K, reserved 1130496K
  class space    used 10966K, committed 11328K, reserved 1048576K
}
Event: 338.043 GC heap before
{Heap before GC invocations=280 (full 0):
 garbage-first heap   total 222208K, used 173492K [0x00000000a3200000, 0x0000000100000000)
  region size 1024K, 130 young (133120K), 1 survivors (1024K)
 Metaspace       used 85670K, committed 86400K, reserved 1130496K
  class space    used 10966K, committed 11328K, reserved 1048576K
}
Event: 338.047 GC heap after
{Heap after GC invocations=281 (full 0):
 garbage-first heap   total 222208K, used 42420K [0x00000000a3200000, 0x0000000100000000)
  region size 1024K, 2 young (2048K), 2 survivors (2048K)
 Metaspace       used 85670K, committed 86400K, reserved 1130496K
  class space    used 10966K, committed 11328K, reserved 1048576K
}
Event: 339.373 GC heap before
{Heap before GC invocations=281 (full 0):
 garbage-first heap   total 222208K, used 173492K [0x00000000a3200000, 0x0000000100000000)
  region size 1024K, 130 young (133120K), 2 survivors (2048K)
 Metaspace       used 85670K, committed 86400K, reserved 1130496K
  class space    used 10966K, committed 11328K, reserved 1048576K
}
Event: 339.376 GC heap after
{Heap after GC invocations=282 (full 0):
 garbage-first heap   total 222208K, used 41409K [0x00000000a3200000, 0x0000000100000000)
  region size 1024K, 1 young (1024K), 1 survivors (1024K)
 Metaspace       used 85670K, committed 86400K, reserved 1130496K
  class space    used 10966K, committed 11328K, reserved 1048576K
}
Event: 340.969 GC heap before
{Heap before GC invocations=282 (full 0):
 garbage-first heap   total 222208K, used 173505K [0x00000000a3200000, 0x0000000100000000)
  region size 1024K, 130 young (133120K), 1 survivors (1024K)
 Metaspace       used 85856K, committed 86528K, reserved 1130496K
  class space    used 10991K, committed 11328K, reserved 1048576K
}
Event: 340.974 GC heap after
{Heap after GC invocations=283 (full 0):
 garbage-first heap   total 222208K, used 41302K [0x00000000a3200000, 0x0000000100000000)
  region size 1024K, 1 young (1024K), 1 survivors (1024K)
 Metaspace       used 85856K, committed 86528K, reserved 1130496K
  class space    used 10991K, committed 11328K, reserved 1048576K
}
Event: 343.080 GC heap before
{Heap before GC invocations=283 (full 0):
 garbage-first heap   total 222208K, used 173398K [0x00000000a3200000, 0x0000000100000000)
  region size 1024K, 130 young (133120K), 1 survivors (1024K)
 Metaspace       used 85896K, committed 86592K, reserved 1130496K
  class space    used 10992K, committed 11328K, reserved 1048576K
}
Event: 343.082 GC heap after
{Heap after GC invocations=284 (full 0):
 garbage-first heap   total 222208K, used 40923K [0x00000000a3200000, 0x0000000100000000)
  region size 1024K, 1 young (1024K), 1 survivors (1024K)
 Metaspace       used 85896K, committed 86592K, reserved 1130496K
  class space    used 10992K, committed 11328K, reserved 1048576K
}

