# JRE version: OpenJDK Runtime Environment Temurin-17.0.2+8 (17.0.2+8) (build 17.0.2+8)
# Java VM: OpenJDK 64-Bit Server VM Temurin-17.0.2+8 (17.0.2+8, mixed mode, tiered, compressed oops, compressed class ptrs, g1 gc, windows-amd64)
GC Precious Log:
 CPUs: 4 total, 4 available
 Memory: 5941M
 Large Page Support: Disabled
 NUMA Support: Disabled
 Compressed Oops: Enabled (32-bit)
 Heap Region Size: 1M
 Heap Min Capacity: 8M
 Heap Initial Capacity: 94M
 Heap Max Capacity: 1486M
 Pre-touch: Disabled
 Parallel Workers: 4
 Concurrent Workers: 1
 Concurrent Refinement Workers: 4
 Periodic GC: Disabled
Heap:
 garbage-first heap   total 266240K, used 141200K [0x00000000a3200000, 0x0000000100000000)
  region size 1024K, 98 young (100352K), 2 survivors (2048K)
 Metaspace       used 84009K, committed 84544K, reserved 1130496K
  class space    used 10854K, committed 11136K, reserved 1048576K
GC Heap History (20 events):
Event: 328.718 GC heap before
{Heap before GC invocations=321 (full 0):
 garbage-first heap   total 266240K, used 201096K [0x00000000a3200000, 0x0000000100000000)
  region size 1024K, 156 young (159744K), 2 survivors (2048K)
 Metaspace       used 84009K, committed 84544K, reserved 1130496K
  class space    used 10854K, committed 11136K, reserved 1048576K
}
Event: 328.721 GC heap after
{Heap after GC invocations=322 (full 0):
 garbage-first heap   total 266240K, used 43910K [0x00000000a3200000, 0x0000000100000000)
  region size 1024K, 2 young (2048K), 2 survivors (2048K)
 Metaspace       used 84009K, committed 84544K, reserved 1130496K
  class space    used 10854K, committed 11136K, reserved 1048576K
}
Event: 330.444 GC heap before
{Heap before GC invocations=322 (full 0):
 garbage-first heap   total 266240K, used 201606K [0x00000000a3200000, 0x0000000100000000)
  region size 1024K, 156 young (159744K), 2 survivors (2048K)
 Metaspace       used 84009K, committed 84544K, reserved 1130496K
  class space    used 10854K, committed 11136K, reserved 1048576K
}
Event: 330.447 GC heap after
{Heap after GC invocations=323 (full 0):
 garbage-first heap   total 266240K, used 43208K [0x00000000a3200000, 0x0000000100000000)
  region size 1024K, 1 young (1024K), 1 survivors (1024K)
 Metaspace       used 84009K, committed 84544K, reserved 1130496K
  class space    used 10854K, committed 11136K, reserved 1048576K
}
Event: 331.309 GC heap before
{Heap before GC invocations=323 (full 0):
 garbage-first heap   total 266240K, used 201928K [0x00000000a3200000, 0x0000000100000000)
  region size 1024K, 156 young (159744K), 1 survivors (1024K)
 Metaspace       used 84009K, committed 84544K, reserved 1130496K
  class space    used 10854K, committed 11136K, reserved 1048576K
}
Event: 331.342 GC heap after
{Heap after GC invocations=324 (full 0):
 garbage-first heap   total 266240K, used 43240K [0x00000000a3200000, 0x0000000100000000)
  region size 1024K, 1 young (1024K), 1 survivors (1024K)
 Metaspace       used 84009K, committed 84544K, reserved 1130496K
  class space    used 10854K, committed 11136K, reserved 1048576K
}
Event: 332.113 GC heap before
{Heap before GC invocations=324 (full 0):
 garbage-first heap   total 266240K, used 201960K [0x00000000a3200000, 0x0000000100000000)
  region size 1024K, 156 young (159744K), 1 survivors (1024K)
 Metaspace       used 84009K, committed 84544K, reserved 1130496K
  class space    used 10854K, committed 11136K, reserved 1048576K
}
Event: 332.116 GC heap after
{Heap after GC invocations=325 (full 0):
 garbage-first heap   total 266240K, used 43678K [0x00000000a3200000, 0x0000000100000000)
  region size 1024K, 2 young (2048K), 2 survivors (2048K)
 Metaspace       used 84009K, committed 84544K, reserved 1130496K
  class space    used 10854K, committed 11136K, reserved 1048576K
}
Event: 332.761 GC heap before
{Heap before GC invocations=325 (full 0):
 garbage-first heap   total 266240K, used 201374K [0x00000000a3200000, 0x0000000100000000)
  region size 1024K, 156 young (159744K), 2 survivors (2048K)
 Metaspace       used 84009K, committed 84544K, reserved 1130496K
  class space    used 10854K, committed 11136K, reserved 1048576K
}
Event: 332.765 GC heap after
{Heap after GC invocations=326 (full 0):
 garbage-first heap   total 266240K, used 44048K [0x00000000a3200000, 0x0000000100000000)
  region size 1024K, 2 young (2048K), 2 survivors (2048K)
 Metaspace       used 84009K, committed 84544K, reserved 1130496K
  class space    used 10854K, committed 11136K, reserved 1048576K
}
Event: 333.627 GC heap before
{Heap before GC invocations=326 (full 0):
 garbage-first heap   total 266240K, used 201744K [0x00000000a3200000, 0x0000000100000000)
  region size 1024K, 156 young (159744K), 2 survivors (2048K)
 Metaspace       used 84009K, committed 84544K, reserved 1130496K
  class space    used 10854K, committed 11136K, reserved 1048576K
}
Event: 333.630 GC heap after
{Heap after GC invocations=327 (full 0):
 garbage-first heap   total 266240K, used 43867K [0x00000000a3200000, 0x0000000100000000)
  region size 1024K, 2 young (2048K), 2 survivors (2048K)
 Metaspace       used 84009K, committed 84544K, reserved 1130496K
  class space    used 10854K, committed 11136K, reserved 1048576K
}
Event: 334.403 GC heap before
{Heap before GC invocations=327 (full 0):
 garbage-first heap   total 266240K, used 201563K [0x00000000a3200000, 0x0000000100000000)
  region size 1024K, 156 young (159744K), 2 survivors (2048K)
 Metaspace       used 84009K, committed 84544K, reserved 1130496K
  class space    used 10854K, committed 11136K, reserved 1048576K
}
Event: 334.407 GC heap after
{Heap after GC invocations=328 (full 0):
 garbage-first heap   total 266240K, used 43977K [0x00000000a3200000, 0x0000000100000000)
  region size 1024K, 2 young (2048K), 2 survivors (2048K)
 Metaspace       used 84009K, committed 84544K, reserved 1130496K
  class space    used 10854K, committed 11136K, reserved 1048576K
}
Event: 335.042 GC heap before
{Heap before GC invocations=328 (full 0):
 garbage-first heap   total 266240K, used 201673K [0x00000000a3200000, 0x0000000100000000)
  region size 1024K, 156 young (159744K), 2 survivors (2048K)
 Metaspace       used 84009K, committed 84544K, reserved 1130496K
  class space    used 10854K, committed 11136K, reserved 1048576K
}
Event: 335.158 GC heap after
{Heap after GC invocations=329 (full 0):
 garbage-first heap   total 266240K, used 44384K [0x00000000a3200000, 0x0000000100000000)
  region size 1024K, 2 young (2048K), 2 survivors (2048K)
 Metaspace       used 84009K, committed 84544K, reserved 1130496K
  class space    used 10854K, committed 11136K, reserved 1048576K
}
Event: 335.819 GC heap before
{Heap before GC invocations=329 (full 0):
 garbage-first heap   total 266240K, used 202080K [0x00000000a3200000, 0x0000000100000000)
  region size 1024K, 156 young (159744K), 2 survivors (2048K)
 Metaspace       used 84009K, committed 84544K, reserved 1130496K
  class space    used 10854K, committed 11136K, reserved 1048576K
}
Event: 335.822 GC heap after
{Heap after GC invocations=330 (full 0):
 garbage-first heap   total 266240K, used 43820K [0x00000000a3200000, 0x0000000100000000)
  region size 1024K, 2 young (2048K), 2 survivors (2048K)
 Metaspace       used 84009K, committed 84544K, reserved 1130496K
  class space    used 10854K, committed 11136K, reserved 1048576K
}
Event: 336.514 GC heap before
{Heap before GC invocations=330 (full 0):
 garbage-first heap   total 266240K, used 201516K [0x00000000a3200000, 0x0000000100000000)
  region size 1024K, 156 young (159744K), 2 survivors (2048K)
 Metaspace       used 84009K, committed 84544K, reserved 1130496K
  class space    used 10854K, committed 11136K, reserved 1048576K
}
Event: 336.518 GC heap after
{Heap after GC invocations=331 (full 0):
 garbage-first heap   total 266240K, used 43920K [0x00000000a3200000, 0x0000000100000000)
  region size 1024K, 2 young (2048K), 2 survivors (2048K)
 Metaspace       used 84009K, committed 84544K, reserved 1130496K
  class space    used 10854K, committed 11136K, reserved 1048576K
}

