# JRE version: OpenJDK Runtime Environment Temurin-17.0.2+8 (17.0.2+8) (build 17.0.2+8)
# Java VM: OpenJDK 64-Bit Server VM Temurin-17.0.2+8 (17.0.2+8, mixed mode, tiered, compressed oops, compressed class ptrs, g1 gc, windows-amd64)
GC Precious Log:
 CPUs: 4 total, 4 available
 Memory: 5941M
 Large Page Support: Disabled
 NUMA Support: Disabled
 Compressed Oops: Enabled (32-bit)
 Heap Region Size: 1M
 Heap Min Capacity: 8M
 Heap Initial Capacity: 94M
 Heap Max Capacity: 1486M
 Pre-touch: Disabled
 Parallel Workers: 4
 Concurrent Workers: 1
 Concurrent Refinement Workers: 4
 Periodic GC: Disabled
Heap:
 garbage-first heap   total 235520K, used 135781K [0x00000000a3200000, 0x0000000100000000)
  region size 1024K, 96 young (98304K), 2 survivors (2048K)
 Metaspace       used 85888K, committed 86464K, reserved 1130496K
  class space    used 10969K, committed 11264K, reserved 1048576K
GC Heap History (20 events):
Event: 4302.837 GC heap before
{Heap before GC invocations=243 (full 0):
 garbage-first heap   total 235520K, used 179556K [0x00000000a3200000, 0x0000000100000000)
  region size 1024K, 138 young (141312K), 2 survivors (2048K)
 Metaspace       used 85632K, committed 86144K, reserved 1130496K
  class space    used 10930K, committed 11200K, reserved 1048576K
}
Event: 4302.842 GC heap after
{Heap after GC invocations=244 (full 0):
 garbage-first heap   total 235520K, used 41243K [0x00000000a3200000, 0x0000000100000000)
  region size 1024K, 3 young (3072K), 3 survivors (3072K)
 Metaspace       used 85632K, committed 86144K, reserved 1130496K
  class space    used 10930K, committed 11200K, reserved 1048576K
}
Event: 4304.139 GC heap before
{Heap before GC invocations=244 (full 0):
 garbage-first heap   total 235520K, used 179483K [0x00000000a3200000, 0x0000000100000000)
  region size 1024K, 138 young (141312K), 3 survivors (3072K)
 Metaspace       used 85632K, committed 86144K, reserved 1130496K
  class space    used 10930K, committed 11200K, reserved 1048576K
}
Event: 4304.145 GC heap after
{Heap after GC invocations=245 (full 0):
 garbage-first heap   total 235520K, used 40705K [0x00000000a3200000, 0x0000000100000000)
  region size 1024K, 2 young (2048K), 2 survivors (2048K)
 Metaspace       used 85632K, committed 86144K, reserved 1130496K
  class space    used 10930K, committed 11200K, reserved 1048576K
}
Event: 4305.515 GC heap before
{Heap before GC invocations=245 (full 0):
 garbage-first heap   total 235520K, used 179969K [0x00000000a3200000, 0x0000000100000000)
  region size 1024K, 138 young (141312K), 2 survivors (2048K)
 Metaspace       used 85632K, committed 86144K, reserved 1130496K
  class space    used 10930K, committed 11200K, reserved 1048576K
}
Event: 4305.519 GC heap after
{Heap after GC invocations=246 (full 0):
 garbage-first heap   total 235520K, used 40505K [0x00000000a3200000, 0x0000000100000000)
  region size 1024K, 2 young (2048K), 2 survivors (2048K)
 Metaspace       used 85632K, committed 86144K, reserved 1130496K
  class space    used 10930K, committed 11200K, reserved 1048576K
}
Event: 4306.670 GC heap before
{Heap before GC invocations=246 (full 0):
 garbage-first heap   total 235520K, used 179769K [0x00000000a3200000, 0x0000000100000000)
  region size 1024K, 138 young (141312K), 2 survivors (2048K)
 Metaspace       used 85632K, committed 86144K, reserved 1130496K
  class space    used 10930K, committed 11200K, reserved 1048576K
}
Event: 4306.676 GC heap after
{Heap after GC invocations=247 (full 0):
 garbage-first heap   total 235520K, used 41640K [0x00000000a3200000, 0x0000000100000000)
  region size 1024K, 3 young (3072K), 3 survivors (3072K)
 Metaspace       used 85632K, committed 86144K, reserved 1130496K
  class space    used 10930K, committed 11200K, reserved 1048576K
}
Event: 4307.929 GC heap before
{Heap before GC invocations=247 (full 0):
 garbage-first heap   total 235520K, used 179880K [0x00000000a3200000, 0x0000000100000000)
  region size 1024K, 138 young (141312K), 3 survivors (3072K)
 Metaspace       used 85632K, committed 86144K, reserved 1130496K
  class space    used 10930K, committed 11200K, reserved 1048576K
}
Event: 4307.932 GC heap after
{Heap after GC invocations=248 (full 0):
 garbage-first heap   total 235520K, used 40035K [0x00000000a3200000, 0x0000000100000000)
  region size 1024K, 2 young (2048K), 2 survivors (2048K)
 Metaspace       used 85632K, committed 86144K, reserved 1130496K
  class space    used 10930K, committed 11200K, reserved 1048576K
}
Event: 4309.414 GC heap before
{Heap before GC invocations=248 (full 0):
 garbage-first heap   total 235520K, used 179299K [0x00000000a3200000, 0x0000000100000000)
  region size 1024K, 138 young (141312K), 2 survivors (2048K)
 Metaspace       used 85632K, committed 86144K, reserved 1130496K
  class space    used 10930K, committed 11200K, reserved 1048576K
}
Event: 4309.418 GC heap after
{Heap after GC invocations=249 (full 0):
 garbage-first heap   total 235520K, used 39850K [0x00000000a3200000, 0x0000000100000000)
  region size 1024K, 1 young (1024K), 1 survivors (1024K)
 Metaspace       used 85632K, committed 86144K, reserved 1130496K
  class space    used 10930K, committed 11200K, reserved 1048576K
}
Event: 4310.653 GC heap before
{Heap before GC invocations=249 (full 0):
 garbage-first heap   total 235520K, used 180138K [0x00000000a3200000, 0x0000000100000000)
  region size 1024K, 138 young (141312K), 1 survivors (1024K)
 Metaspace       used 85635K, committed 86144K, reserved 1130496K
  class space    used 10931K, committed 11200K, reserved 1048576K
}
Event: 4310.661 GC heap after
{Heap after GC invocations=250 (full 0):
 garbage-first heap   total 235520K, used 42206K [0x00000000a3200000, 0x0000000100000000)
  region size 1024K, 4 young (4096K), 4 survivors (4096K)
 Metaspace       used 85635K, committed 86144K, reserved 1130496K
  class space    used 10931K, committed 11200K, reserved 1048576K
}
Event: 4313.099 GC heap before
{Heap before GC invocations=250 (full 0):
 garbage-first heap   total 235520K, used 179422K [0x00000000a3200000, 0x0000000100000000)
  region size 1024K, 138 young (141312K), 4 survivors (4096K)
 Metaspace       used 85635K, committed 86144K, reserved 1130496K
  class space    used 10931K, committed 11200K, reserved 1048576K
}
Event: 4313.107 GC heap after
{Heap after GC invocations=251 (full 0):
 garbage-first heap   total 235520K, used 41353K [0x00000000a3200000, 0x0000000100000000)
  region size 1024K, 3 young (3072K), 3 survivors (3072K)
 Metaspace       used 85635K, committed 86144K, reserved 1130496K
  class space    used 10931K, committed 11200K, reserved 1048576K
}
Event: 4314.800 GC heap before
{Heap before GC invocations=251 (full 0):
 garbage-first heap   total 235520K, used 179593K [0x00000000a3200000, 0x0000000100000000)
  region size 1024K, 138 young (141312K), 3 survivors (3072K)
 Metaspace       used 85635K, committed 86144K, reserved 1130496K
  class space    used 10931K, committed 11200K, reserved 1048576K
}
Event: 4314.807 GC heap after
{Heap after GC invocations=252 (full 0):
 garbage-first heap   total 235520K, used 42437K [0x00000000a3200000, 0x0000000100000000)
  region size 1024K, 4 young (4096K), 4 survivors (4096K)
 Metaspace       used 85635K, committed 86144K, reserved 1130496K
  class space    used 10931K, committed 11200K, reserved 1048576K
}
Event: 4317.840 GC heap before
{Heap before GC invocations=252 (full 0):
 garbage-first heap   total 235520K, used 179653K [0x00000000a3200000, 0x0000000100000000)
  region size 1024K, 138 young (141312K), 4 survivors (4096K)
 Metaspace       used 85635K, committed 86144K, reserved 1130496K
  class space    used 10931K, committed 11200K, reserved 1048576K
}
Event: 4317.861 GC heap after
{Heap after GC invocations=253 (full 0):
 garbage-first heap   total 235520K, used 40549K [0x00000000a3200000, 0x0000000100000000)
  region size 1024K, 2 young (2048K), 2 survivors (2048K)
 Metaspace       used 85635K, committed 86144K, reserved 1130496K
  class space    used 10931K, committed 11200K, reserved 1048576K
}

