# JRE version: OpenJDK Runtime Environment Temurin-17.0.2+8 (17.0.2+8) (build 17.0.2+8)
# Java VM: OpenJDK 64-Bit Server VM Temurin-17.0.2+8 (17.0.2+8, mixed mode, tiered, compressed oops, compressed class ptrs, g1 gc, windows-amd64)
GC Precious Log:
 CPUs: 4 total, 4 available
 Memory: 5941M
 Large Page Support: Disabled
 NUMA Support: Disabled
 Compressed Oops: Enabled (32-bit)
 Heap Region Size: 1M
 Heap Min Capacity: 8M
 Heap Initial Capacity: 94M
 Heap Max Capacity: 1486M
 Pre-touch: Disabled
 Parallel Workers: 4
 Concurrent Workers: 1
 Concurrent Refinement Workers: 4
 Periodic GC: Disabled
Heap:
 garbage-first heap   total 578560K, used 366406K [0x00000000a3200000, 0x0000000100000000)
  region size 1024K, 304 young (311296K), 8 survivors (8192K)
 Metaspace       used 94339K, committed 95424K, reserved 1138688K
  class space    used 10960K, committed 11648K, reserved 1048576K
GC Heap History (20 events):
Event: 2530.197 GC heap before
{Heap before GC invocations=359 (full 10):
 garbage-first heap   total 578560K, used 403151K [0x00000000a3200000, 0x0000000100000000)
  region size 1024K, 339 young (347136K), 6 survivors (6144K)
 Metaspace       used 94332K, committed 95424K, reserved 1138688K
  class space    used 10959K, committed 11648K, reserved 1048576K
}
Event: 2530.217 GC heap after
{Heap after GC invocations=360 (full 10):
 garbage-first heap   total 578560K, used 66573K [0x00000000a3200000, 0x0000000100000000)
  region size 1024K, 11 young (11264K), 11 survivors (11264K)
 Metaspace       used 94332K, committed 95424K, reserved 1138688K
  class space    used 10959K, committed 11648K, reserved 1048576K
}
Event: 2531.338 GC heap before
{Heap before GC invocations=360 (full 10):
 garbage-first heap   total 578560K, used 402445K [0x00000000a3200000, 0x0000000100000000)
  region size 1024K, 339 young (347136K), 11 survivors (11264K)
 Metaspace       used 94333K, committed 95424K, reserved 1138688K
  class space    used 10960K, committed 11648K, reserved 1048576K
}
Event: 2531.362 GC heap after
{Heap after GC invocations=361 (full 10):
 garbage-first heap   total 578560K, used 69225K [0x00000000a3200000, 0x0000000100000000)
  region size 1024K, 13 young (13312K), 13 survivors (13312K)
 Metaspace       used 94333K, committed 95424K, reserved 1138688K
  class space    used 10960K, committed 11648K, reserved 1048576K
}
Event: 2532.220 GC heap before
{Heap before GC invocations=361 (full 10):
 garbage-first heap   total 578560K, used 403049K [0x00000000a3200000, 0x0000000100000000)
  region size 1024K, 339 young (347136K), 13 survivors (13312K)
 Metaspace       used 94333K, committed 95424K, reserved 1138688K
  class space    used 10960K, committed 11648K, reserved 1048576K
}
Event: 2532.239 GC heap after
{Heap after GC invocations=362 (full 10):
 garbage-first heap   total 578560K, used 66776K [0x00000000a3200000, 0x0000000100000000)
  region size 1024K, 11 young (11264K), 11 survivors (11264K)
 Metaspace       used 94333K, committed 95424K, reserved 1138688K
  class space    used 10960K, committed 11648K, reserved 1048576K
}
Event: 2533.473 GC heap before
{Heap before GC invocations=362 (full 10):
 garbage-first heap   total 578560K, used 402648K [0x00000000a3200000, 0x0000000100000000)
  region size 1024K, 339 young (347136K), 11 survivors (11264K)
 Metaspace       used 94333K, committed 95424K, reserved 1138688K
  class space    used 10960K, committed 11648K, reserved 1048576K
}
Event: 2533.484 GC heap after
{Heap after GC invocations=363 (full 10):
 garbage-first heap   total 578560K, used 62676K [0x00000000a3200000, 0x0000000100000000)
  region size 1024K, 7 young (7168K), 7 survivors (7168K)
 Metaspace       used 94333K, committed 95424K, reserved 1138688K
  class space    used 10960K, committed 11648K, reserved 1048576K
}
Event: 2534.378 GC heap before
{Heap before GC invocations=363 (full 10):
 garbage-first heap   total 578560K, used 402644K [0x00000000a3200000, 0x0000000100000000)
  region size 1024K, 339 young (347136K), 7 survivors (7168K)
 Metaspace       used 94333K, committed 95424K, reserved 1138688K
  class space    used 10960K, committed 11648K, reserved 1048576K
}
Event: 2534.403 GC heap after
{Heap after GC invocations=364 (full 10):
 garbage-first heap   total 578560K, used 69343K [0x00000000a3200000, 0x0000000100000000)
  region size 1024K, 13 young (13312K), 13 survivors (13312K)
 Metaspace       used 94333K, committed 95424K, reserved 1138688K
  class space    used 10960K, committed 11648K, reserved 1048576K
}
Event: 2535.630 GC heap before
{Heap before GC invocations=364 (full 10):
 garbage-first heap   total 578560K, used 403167K [0x00000000a3200000, 0x0000000100000000)
  region size 1024K, 339 young (347136K), 13 survivors (13312K)
 Metaspace       used 94336K, committed 95424K, reserved 1138688K
  class space    used 10960K, committed 11648K, reserved 1048576K
}
Event: 2535.653 GC heap after
{Heap after GC invocations=365 (full 10):
 garbage-first heap   total 578560K, used 68322K [0x00000000a3200000, 0x0000000100000000)
  region size 1024K, 12 young (12288K), 12 survivors (12288K)
 Metaspace       used 94336K, committed 95424K, reserved 1138688K
  class space    used 10960K, committed 11648K, reserved 1048576K
}
Event: 2537.072 GC heap before
{Heap before GC invocations=365 (full 10):
 garbage-first heap   total 578560K, used 403170K [0x00000000a3200000, 0x0000000100000000)
  region size 1024K, 339 young (347136K), 12 survivors (12288K)
 Metaspace       used 94336K, committed 95424K, reserved 1138688K
  class space    used 10960K, committed 11648K, reserved 1048576K
}
Event: 2537.106 GC heap after
{Heap after GC invocations=366 (full 10):
 garbage-first heap   total 578560K, used 73976K [0x00000000a3200000, 0x0000000100000000)
  region size 1024K, 18 young (18432K), 18 survivors (18432K)
 Metaspace       used 94336K, committed 95424K, reserved 1138688K
  class space    used 10960K, committed 11648K, reserved 1048576K
}
Event: 2538.440 GC heap before
{Heap before GC invocations=366 (full 10):
 garbage-first heap   total 578560K, used 402680K [0x00000000a3200000, 0x0000000100000000)
  region size 1024K, 339 young (347136K), 18 survivors (18432K)
 Metaspace       used 94336K, committed 95424K, reserved 1138688K
  class space    used 10960K, committed 11648K, reserved 1048576K
}
Event: 2538.459 GC heap after
{Heap after GC invocations=367 (full 10):
 garbage-first heap   total 578560K, used 66881K [0x00000000a3200000, 0x0000000100000000)
  region size 1024K, 11 young (11264K), 11 survivors (11264K)
 Metaspace       used 94336K, committed 95424K, reserved 1138688K
  class space    used 10960K, committed 11648K, reserved 1048576K
}
Event: 2539.257 GC heap before
{Heap before GC invocations=367 (full 10):
 garbage-first heap   total 578560K, used 402753K [0x00000000a3200000, 0x0000000100000000)
  region size 1024K, 339 young (347136K), 11 survivors (11264K)
 Metaspace       used 94336K, committed 95424K, reserved 1138688K
  class space    used 10960K, committed 11648K, reserved 1048576K
}
Event: 2539.295 GC heap after
{Heap after GC invocations=368 (full 10):
 garbage-first heap   total 578560K, used 76099K [0x00000000a3200000, 0x0000000100000000)
  region size 1024K, 20 young (20480K), 20 survivors (20480K)
 Metaspace       used 94336K, committed 95424K, reserved 1138688K
  class space    used 10960K, committed 11648K, reserved 1048576K
}
Event: 2540.394 GC heap before
{Heap before GC invocations=368 (full 10):
 garbage-first heap   total 578560K, used 401731K [0x00000000a3200000, 0x0000000100000000)
  region size 1024K, 339 young (347136K), 20 survivors (20480K)
 Metaspace       used 94336K, committed 95424K, reserved 1138688K
  class space    used 10960K, committed 11648K, reserved 1048576K
}
Event: 2540.407 GC heap after
{Heap after GC invocations=369 (full 10):
 garbage-first heap   total 578560K, used 64326K [0x00000000a3200000, 0x0000000100000000)
  region size 1024K, 8 young (8192K), 8 survivors (8192K)
 Metaspace       used 94336K, committed 95424K, reserved 1138688K
  class space    used 10960K, committed 11648K, reserved 1048576K
}

