# JRE version: OpenJDK Runtime Environment Temurin-17.0.2+8 (17.0.2+8) (build 17.0.2+8)
# Java VM: OpenJDK 64-Bit Server VM Temurin-17.0.2+8 (17.0.2+8, mixed mode, tiered, compressed oops, compressed class ptrs, g1 gc, windows-amd64)
GC Precious Log:
 CPUs: 4 total, 4 available
 Memory: 5941M
 Large Page Support: Disabled
 NUMA Support: Disabled
 Compressed Oops: Enabled (32-bit)
 Heap Region Size: 1M
 Heap Min Capacity: 8M
 Heap Initial Capacity: 94M
 Heap Max Capacity: 1486M
 Pre-touch: Disabled
 Parallel Workers: 4
 Concurrent Workers: 1
 Concurrent Refinement Workers: 4
 Periodic GC: Disabled
Heap:
 garbage-first heap   total 109568K, used 42616K [0x00000000a3200000, 0x0000000100000000)
  region size 1024K, 3 young (3072K), 1 survivors (1024K)
 Metaspace       used 88086K, committed 88896K, reserved 1130496K
  class space    used 11138K, committed 11520K, reserved 1048576K
GC Heap History (20 events):
Event: 1610.176 GC heap before
{Heap before GC invocations=169 (full 1):
 garbage-first heap   total 109568K, used 93832K [0x00000000a3200000, 0x0000000100000000)
  region size 1024K, 52 young (53248K), 1 survivors (1024K)
 Metaspace       used 88080K, committed 88896K, reserved 1130496K
  class space    used 11138K, committed 11520K, reserved 1048576K
}
Event: 1610.190 GC heap after
{Heap after GC invocations=170 (full 1):
 garbage-first heap   total 109568K, used 41604K [0x00000000a3200000, 0x0000000100000000)
  region size 1024K, 1 young (1024K), 1 survivors (1024K)
 Metaspace       used 88080K, committed 88896K, reserved 1130496K
  class space    used 11138K, committed 11520K, reserved 1048576K
}
Event: 1613.463 GC heap before
{Heap before GC invocations=170 (full 1):
 garbage-first heap   total 109568K, used 93828K [0x00000000a3200000, 0x0000000100000000)
  region size 1024K, 52 young (53248K), 1 survivors (1024K)
 Metaspace       used 88083K, committed 88896K, reserved 1130496K
  class space    used 11138K, committed 11520K, reserved 1048576K
}
Event: 1613.465 GC heap after
{Heap after GC invocations=171 (full 1):
 garbage-first heap   total 109568K, used 41602K [0x00000000a3200000, 0x0000000100000000)
  region size 1024K, 1 young (1024K), 1 survivors (1024K)
 Metaspace       used 88083K, committed 88896K, reserved 1130496K
  class space    used 11138K, committed 11520K, reserved 1048576K
}
Event: 1616.897 GC heap before
{Heap before GC invocations=171 (full 1):
 garbage-first heap   total 109568K, used 93826K [0x00000000a3200000, 0x0000000100000000)
  region size 1024K, 52 young (53248K), 1 survivors (1024K)
 Metaspace       used 88083K, committed 88896K, reserved 1130496K
  class space    used 11138K, committed 11520K, reserved 1048576K
}
Event: 1616.899 GC heap after
{Heap after GC invocations=172 (full 1):
 garbage-first heap   total 109568K, used 41596K [0x00000000a3200000, 0x0000000100000000)
  region size 1024K, 1 young (1024K), 1 survivors (1024K)
 Metaspace       used 88083K, committed 88896K, reserved 1130496K
  class space    used 11138K, committed 11520K, reserved 1048576K
}
Event: 1620.152 GC heap before
{Heap before GC invocations=172 (full 1):
 garbage-first heap   total 109568K, used 93820K [0x00000000a3200000, 0x0000000100000000)
  region size 1024K, 52 young (53248K), 1 survivors (1024K)
 Metaspace       used 88083K, committed 88896K, reserved 1130496K
  class space    used 11138K, committed 11520K, reserved 1048576K
}
Event: 1620.153 GC heap after
{Heap after GC invocations=173 (full 1):
 garbage-first heap   total 109568K, used 41592K [0x00000000a3200000, 0x0000000100000000)
  region size 1024K, 1 young (1024K), 1 survivors (1024K)
 Metaspace       used 88083K, committed 88896K, reserved 1130496K
  class space    used 11138K, committed 11520K, reserved 1048576K
}
Event: 1623.604 GC heap before
{Heap before GC invocations=173 (full 1):
 garbage-first heap   total 109568K, used 93816K [0x00000000a3200000, 0x0000000100000000)
  region size 1024K, 52 young (53248K), 1 survivors (1024K)
 Metaspace       used 88083K, committed 88896K, reserved 1130496K
  class space    used 11138K, committed 11520K, reserved 1048576K
}
Event: 1623.605 GC heap after
{Heap after GC invocations=174 (full 1):
 garbage-first heap   total 109568K, used 41608K [0x00000000a3200000, 0x0000000100000000)
  region size 1024K, 1 young (1024K), 1 survivors (1024K)
 Metaspace       used 88083K, committed 88896K, reserved 1130496K
  class space    used 11138K, committed 11520K, reserved 1048576K
}
Event: 1627.159 GC heap before
{Heap before GC invocations=174 (full 1):
 garbage-first heap   total 109568K, used 93832K [0x00000000a3200000, 0x0000000100000000)
  region size 1024K, 52 young (53248K), 1 survivors (1024K)
 Metaspace       used 88083K, committed 88896K, reserved 1130496K
  class space    used 11138K, committed 11520K, reserved 1048576K
}
Event: 1627.160 GC heap after
{Heap after GC invocations=175 (full 1):
 garbage-first heap   total 109568K, used 41593K [0x00000000a3200000, 0x0000000100000000)
  region size 1024K, 1 young (1024K), 1 survivors (1024K)
 Metaspace       used 88083K, committed 88896K, reserved 1130496K
  class space    used 11138K, committed 11520K, reserved 1048576K
}
Event: 1630.817 GC heap before
{Heap before GC invocations=175 (full 1):
 garbage-first heap   total 109568K, used 93817K [0x00000000a3200000, 0x0000000100000000)
  region size 1024K, 52 young (53248K), 1 survivors (1024K)
 Metaspace       used 88083K, committed 88896K, reserved 1130496K
  class space    used 11138K, committed 11520K, reserved 1048576K
}
Event: 1630.819 GC heap after
{Heap after GC invocations=176 (full 1):
 garbage-first heap   total 109568K, used 41611K [0x00000000a3200000, 0x0000000100000000)
  region size 1024K, 1 young (1024K), 1 survivors (1024K)
 Metaspace       used 88083K, committed 88896K, reserved 1130496K
  class space    used 11138K, committed 11520K, reserved 1048576K
}
Event: 1634.568 GC heap before
{Heap before GC invocations=176 (full 1):
 garbage-first heap   total 109568K, used 93835K [0x00000000a3200000, 0x0000000100000000)
  region size 1024K, 52 young (53248K), 1 survivors (1024K)
 Metaspace       used 88083K, committed 88896K, reserved 1130496K
  class space    used 11138K, committed 11520K, reserved 1048576K
}
Event: 1634.569 GC heap after
{Heap after GC invocations=177 (full 1):
 garbage-first heap   total 109568K, used 41603K [0x00000000a3200000, 0x0000000100000000)
  region size 1024K, 1 young (1024K), 1 survivors (1024K)
 Metaspace       used 88083K, committed 88896K, reserved 1130496K
  class space    used 11138K, committed 11520K, reserved 1048576K
}
Event: 1637.735 GC heap before
{Heap before GC invocations=177 (full 1):
 garbage-first heap   total 109568K, used 93827K [0x00000000a3200000, 0x0000000100000000)
  region size 1024K, 52 young (53248K), 1 survivors (1024K)
 Metaspace       used 88083K, committed 88896K, reserved 1130496K
  class space    used 11138K, committed 11520K, reserved 1048576K
}
Event: 1637.737 GC heap after
{Heap after GC invocations=178 (full 1):
 garbage-first heap   total 109568K, used 41593K [0x00000000a3200000, 0x0000000100000000)
  region size 1024K, 1 young (1024K), 1 survivors (1024K)
 Metaspace       used 88083K, committed 88896K, reserved 1130496K
  class space    used 11138K, committed 11520K, reserved 1048576K
}
Event: 1642.351 GC heap before
{Heap before GC invocations=178 (full 1):
 garbage-first heap   total 109568K, used 93817K [0x00000000a3200000, 0x0000000100000000)
  region size 1024K, 52 young (53248K), 1 survivors (1024K)
 Metaspace       used 88083K, committed 88896K, reserved 1130496K
  class space    used 11138K, committed 11520K, reserved 1048576K
}
Event: 1642.356 GC heap after
{Heap after GC invocations=179 (full 1):
 garbage-first heap   total 109568K, used 41592K [0x00000000a3200000, 0x0000000100000000)
  region size 1024K, 1 young (1024K), 1 survivors (1024K)
 Metaspace       used 88083K, committed 88896K, reserved 1130496K
  class space    used 11138K, committed 11520K, reserved 1048576K
}

