# JRE version: OpenJDK Runtime Environment Temurin-17.0.2+8 (17.0.2+8) (build 17.0.2+8)
# Java VM: OpenJDK 64-Bit Server VM Temurin-17.0.2+8 (17.0.2+8, mixed mode, tiered, compressed oops, compressed class ptrs, g1 gc, windows-amd64)
GC Precious Log:
 CPUs: 4 total, 4 available
 Memory: 5941M
 Large Page Support: Disabled
 NUMA Support: Disabled
 Compressed Oops: Enabled (32-bit)
 Heap Region Size: 1M
 Heap Min Capacity: 8M
 Heap Initial Capacity: 94M
 Heap Max Capacity: 1486M
 Pre-touch: Disabled
 Parallel Workers: 4
 Concurrent Workers: 1
 Concurrent Refinement Workers: 4
 Periodic GC: Disabled
Heap:
 garbage-first heap   total 139264K, used 76760K [0x00000000a3200000, 0x0000000100000000)
  region size 1024K, 38 young (38912K), 2 survivors (2048K)
 Metaspace       used 85871K, committed 86528K, reserved 1130496K
  class space    used 10996K, committed 11328K, reserved 1048576K
GC Heap History (20 events):
Event: 384.896 GC heap before
{Heap before GC invocations=350 (full 0):
 garbage-first heap   total 139264K, used 119438K [0x00000000a3200000, 0x0000000100000000)
  region size 1024K, 79 young (80896K), 3 survivors (3072K)
 Metaspace       used 85655K, committed 86336K, reserved 1130496K
  class space    used 10969K, committed 11328K, reserved 1048576K
}
Event: 384.901 GC heap after
{Heap after GC invocations=351 (full 0):
 garbage-first heap   total 139264K, used 42034K [0x00000000a3200000, 0x0000000100000000)
  region size 1024K, 3 young (3072K), 3 survivors (3072K)
 Metaspace       used 85655K, committed 86336K, reserved 1130496K
  class space    used 10969K, committed 11328K, reserved 1048576K
}
Event: 385.398 GC heap before
{Heap before GC invocations=351 (full 0):
 garbage-first heap   total 139264K, used 118834K [0x00000000a3200000, 0x0000000100000000)
  region size 1024K, 78 young (79872K), 3 survivors (3072K)
 Metaspace       used 85655K, committed 86336K, reserved 1130496K
  class space    used 10969K, committed 11328K, reserved 1048576K
}
Event: 385.404 GC heap after
{Heap after GC invocations=352 (full 0):
 garbage-first heap   total 139264K, used 42326K [0x00000000a3200000, 0x0000000100000000)
  region size 1024K, 3 young (3072K), 3 survivors (3072K)
 Metaspace       used 85655K, committed 86336K, reserved 1130496K
  class space    used 10969K, committed 11328K, reserved 1048576K
}
Event: 385.881 GC heap before
{Heap before GC invocations=352 (full 0):
 garbage-first heap   total 139264K, used 118102K [0x00000000a3200000, 0x0000000100000000)
  region size 1024K, 77 young (78848K), 3 survivors (3072K)
 Metaspace       used 85655K, committed 86336K, reserved 1130496K
  class space    used 10969K, committed 11328K, reserved 1048576K
}
Event: 385.885 GC heap after
{Heap after GC invocations=353 (full 0):
 garbage-first heap   total 139264K, used 41280K [0x00000000a3200000, 0x0000000100000000)
  region size 1024K, 2 young (2048K), 2 survivors (2048K)
 Metaspace       used 85655K, committed 86336K, reserved 1130496K
  class space    used 10969K, committed 11328K, reserved 1048576K
}
Event: 386.578 GC heap before
{Heap before GC invocations=353 (full 0):
 garbage-first heap   total 139264K, used 118080K [0x00000000a3200000, 0x0000000100000000)
  region size 1024K, 77 young (78848K), 2 survivors (2048K)
 Metaspace       used 85655K, committed 86336K, reserved 1130496K
  class space    used 10969K, committed 11328K, reserved 1048576K
}
Event: 386.583 GC heap after
{Heap after GC invocations=354 (full 0):
 garbage-first heap   total 139264K, used 41307K [0x00000000a3200000, 0x0000000100000000)
  region size 1024K, 2 young (2048K), 2 survivors (2048K)
 Metaspace       used 85655K, committed 86336K, reserved 1130496K
  class space    used 10969K, committed 11328K, reserved 1048576K
}
Event: 387.458 GC heap before
{Heap before GC invocations=354 (full 0):
 garbage-first heap   total 139264K, used 118107K [0x00000000a3200000, 0x0000000100000000)
  region size 1024K, 77 young (78848K), 2 survivors (2048K)
 Metaspace       used 85655K, committed 86336K, reserved 1130496K
  class space    used 10969K, committed 11328K, reserved 1048576K
}
Event: 387.462 GC heap after
{Heap after GC invocations=355 (full 0):
 garbage-first heap   total 139264K, used 41198K [0x00000000a3200000, 0x0000000100000000)
  region size 1024K, 2 young (2048K), 2 survivors (2048K)
 Metaspace       used 85655K, committed 86336K, reserved 1130496K
  class space    used 10969K, committed 11328K, reserved 1048576K
}
Event: 388.593 GC heap before
{Heap before GC invocations=355 (full 0):
 garbage-first heap   total 139264K, used 119022K [0x00000000a3200000, 0x0000000100000000)
  region size 1024K, 78 young (79872K), 2 survivors (2048K)
 Metaspace       used 85655K, committed 86336K, reserved 1130496K
  class space    used 10969K, committed 11328K, reserved 1048576K
}
Event: 388.597 GC heap after
{Heap after GC invocations=356 (full 0):
 garbage-first heap   total 139264K, used 40590K [0x00000000a3200000, 0x0000000100000000)
  region size 1024K, 2 young (2048K), 2 survivors (2048K)
 Metaspace       used 85655K, committed 86336K, reserved 1130496K
  class space    used 10969K, committed 11328K, reserved 1048576K
}
Event: 389.645 GC heap before
{Heap before GC invocations=356 (full 0):
 garbage-first heap   total 139264K, used 118414K [0x00000000a3200000, 0x0000000100000000)
  region size 1024K, 78 young (79872K), 2 survivors (2048K)
 Metaspace       used 85655K, committed 86336K, reserved 1130496K
  class space    used 10969K, committed 11328K, reserved 1048576K
}
Event: 389.653 GC heap after
{Heap after GC invocations=357 (full 0):
 garbage-first heap   total 139264K, used 41546K [0x00000000a3200000, 0x0000000100000000)
  region size 1024K, 3 young (3072K), 3 survivors (3072K)
 Metaspace       used 85655K, committed 86336K, reserved 1130496K
  class space    used 10969K, committed 11328K, reserved 1048576K
}
Event: 390.519 GC heap before
{Heap before GC invocations=357 (full 0):
 garbage-first heap   total 139264K, used 118346K [0x00000000a3200000, 0x0000000100000000)
  region size 1024K, 78 young (79872K), 3 survivors (3072K)
 Metaspace       used 85655K, committed 86336K, reserved 1130496K
  class space    used 10969K, committed 11328K, reserved 1048576K
}
Event: 390.525 GC heap after
{Heap after GC invocations=358 (full 0):
 garbage-first heap   total 139264K, used 42018K [0x00000000a3200000, 0x0000000100000000)
  region size 1024K, 3 young (3072K), 3 survivors (3072K)
 Metaspace       used 85655K, committed 86336K, reserved 1130496K
  class space    used 10969K, committed 11328K, reserved 1048576K
}
Event: 391.146 GC heap before
{Heap before GC invocations=358 (full 0):
 garbage-first heap   total 139264K, used 116770K [0x00000000a3200000, 0x0000000100000000)
  region size 1024K, 77 young (78848K), 3 survivors (3072K)
 Metaspace       used 85826K, committed 86464K, reserved 1130496K
  class space    used 10996K, committed 11328K, reserved 1048576K
}
Event: 391.150 GC heap after
{Heap after GC invocations=359 (full 0):
 garbage-first heap   total 139264K, used 41034K [0x00000000a3200000, 0x0000000100000000)
  region size 1024K, 2 young (2048K), 2 survivors (2048K)
 Metaspace       used 85826K, committed 86464K, reserved 1130496K
  class space    used 10996K, committed 11328K, reserved 1048576K
}
Event: 391.937 GC heap before
{Heap before GC invocations=359 (full 0):
 garbage-first heap   total 139264K, used 118858K [0x00000000a3200000, 0x0000000100000000)
  region size 1024K, 78 young (79872K), 2 survivors (2048K)
 Metaspace       used 85851K, committed 86528K, reserved 1130496K
  class space    used 10996K, committed 11328K, reserved 1048576K
}
Event: 391.941 GC heap after
{Heap after GC invocations=360 (full 0):
 garbage-first heap   total 139264K, used 40920K [0x00000000a3200000, 0x0000000100000000)
  region size 1024K, 2 young (2048K), 2 survivors (2048K)
 Metaspace       used 85851K, committed 86528K, reserved 1130496K
  class space    used 10996K, committed 11328K, reserved 1048576K
}

