# JRE version: OpenJDK Runtime Environment Temurin-17.0.2+8 (17.0.2+8) (build 17.0.2+8)
# Java VM: OpenJDK 64-Bit Server VM Temurin-17.0.2+8 (17.0.2+8, mixed mode, tiered, compressed oops, compressed class ptrs, g1 gc, windows-amd64)
GC Precious Log:
 CPUs: 4 total, 4 available
 Memory: 5941M
 Large Page Support: Disabled
 NUMA Support: Disabled
 Compressed Oops: Enabled (32-bit)
 Heap Region Size: 1M
 Heap Min Capacity: 8M
 Heap Initial Capacity: 94M
 Heap Max Capacity: 1486M
 Pre-touch: Disabled
 Parallel Workers: 4
 Concurrent Workers: 1
 Concurrent Refinement Workers: 4
 Periodic GC: Disabled
Heap:
 garbage-first heap   total 138240K, used 106828K [0x00000000a3200000, 0x0000000100000000)
  region size 1024K, 69 young (70656K), 2 survivors (2048K)
 Metaspace       used 85712K, committed 86336K, reserved 1130496K
  class space    used 10996K, committed 11328K, reserved 1048576K
GC Heap History (20 events):
Event: 314.584 GC heap before
{Heap before GC invocations=316 (full 0):
 garbage-first heap   total 138240K, used 120148K [0x00000000a3200000, 0x0000000100000000)
  region size 1024K, 81 young (82944K), 1 survivors (1024K)
 Metaspace       used 85528K, committed 86144K, reserved 1130496K
  class space    used 10971K, committed 11264K, reserved 1048576K
}
Event: 314.592 GC heap after
{Heap after GC invocations=317 (full 0):
 garbage-first heap   total 138240K, used 40068K [0x00000000a3200000, 0x0000000100000000)
  region size 1024K, 3 young (3072K), 3 survivors (3072K)
 Metaspace       used 85528K, committed 86144K, reserved 1130496K
  class space    used 10971K, committed 11264K, reserved 1048576K
}
Event: 315.166 GC heap before
{Heap before GC invocations=317 (full 0):
 garbage-first heap   total 138240K, used 118916K [0x00000000a3200000, 0x0000000100000000)
  region size 1024K, 80 young (81920K), 3 survivors (3072K)
 Metaspace       used 85528K, committed 86144K, reserved 1130496K
  class space    used 10971K, committed 11264K, reserved 1048576K
}
Event: 315.169 GC heap after
{Heap after GC invocations=318 (full 0):
 garbage-first heap   total 138240K, used 38567K [0x00000000a3200000, 0x0000000100000000)
  region size 1024K, 1 young (1024K), 1 survivors (1024K)
 Metaspace       used 85528K, committed 86144K, reserved 1130496K
  class space    used 10971K, committed 11264K, reserved 1048576K
}
Event: 315.721 GC heap before
{Heap before GC invocations=318 (full 0):
 garbage-first heap   total 138240K, used 119463K [0x00000000a3200000, 0x0000000100000000)
  region size 1024K, 80 young (81920K), 1 survivors (1024K)
 Metaspace       used 85528K, committed 86144K, reserved 1130496K
  class space    used 10971K, committed 11264K, reserved 1048576K
}
Event: 315.726 GC heap after
{Heap after GC invocations=319 (full 0):
 garbage-first heap   total 138240K, used 39887K [0x00000000a3200000, 0x0000000100000000)
  region size 1024K, 3 young (3072K), 3 survivors (3072K)
 Metaspace       used 85528K, committed 86144K, reserved 1130496K
  class space    used 10971K, committed 11264K, reserved 1048576K
}
Event: 316.248 GC heap before
{Heap before GC invocations=319 (full 0):
 garbage-first heap   total 138240K, used 117711K [0x00000000a3200000, 0x0000000100000000)
  region size 1024K, 79 young (80896K), 3 survivors (3072K)
 Metaspace       used 85528K, committed 86144K, reserved 1130496K
  class space    used 10971K, committed 11264K, reserved 1048576K
}
Event: 316.254 GC heap after
{Heap after GC invocations=320 (full 0):
 garbage-first heap   total 138240K, used 40621K [0x00000000a3200000, 0x0000000100000000)
  region size 1024K, 3 young (3072K), 3 survivors (3072K)
 Metaspace       used 85528K, committed 86144K, reserved 1130496K
  class space    used 10971K, committed 11264K, reserved 1048576K
}
Event: 316.975 GC heap before
{Heap before GC invocations=320 (full 0):
 garbage-first heap   total 138240K, used 117421K [0x00000000a3200000, 0x0000000100000000)
  region size 1024K, 78 young (79872K), 3 survivors (3072K)
 Metaspace       used 85528K, committed 86144K, reserved 1130496K
  class space    used 10971K, committed 11264K, reserved 1048576K
}
Event: 316.979 GC heap after
{Heap after GC invocations=321 (full 0):
 garbage-first heap   total 138240K, used 39792K [0x00000000a3200000, 0x0000000100000000)
  region size 1024K, 3 young (3072K), 3 survivors (3072K)
 Metaspace       used 85528K, committed 86144K, reserved 1130496K
  class space    used 10971K, committed 11264K, reserved 1048576K
}
Event: 317.970 GC heap before
{Heap before GC invocations=321 (full 0):
 garbage-first heap   total 138240K, used 117616K [0x00000000a3200000, 0x0000000100000000)
  region size 1024K, 79 young (80896K), 3 survivors (3072K)
 Metaspace       used 85532K, committed 86144K, reserved 1130496K
  class space    used 10971K, committed 11264K, reserved 1048576K
}
Event: 317.976 GC heap after
{Heap after GC invocations=322 (full 0):
 garbage-first heap   total 138240K, used 40791K [0x00000000a3200000, 0x0000000100000000)
  region size 1024K, 4 young (4096K), 4 survivors (4096K)
 Metaspace       used 85532K, committed 86144K, reserved 1130496K
  class space    used 10971K, committed 11264K, reserved 1048576K
}
Event: 318.492 GC heap before
{Heap before GC invocations=322 (full 0):
 garbage-first heap   total 138240K, used 116567K [0x00000000a3200000, 0x0000000100000000)
  region size 1024K, 78 young (79872K), 4 survivors (4096K)
 Metaspace       used 85532K, committed 86144K, reserved 1130496K
  class space    used 10971K, committed 11264K, reserved 1048576K
}
Event: 318.494 GC heap after
{Heap after GC invocations=323 (full 0):
 garbage-first heap   total 138240K, used 39187K [0x00000000a3200000, 0x0000000100000000)
  region size 1024K, 2 young (2048K), 2 survivors (2048K)
 Metaspace       used 85532K, committed 86144K, reserved 1130496K
  class space    used 10971K, committed 11264K, reserved 1048576K
}
Event: 319.177 GC heap before
{Heap before GC invocations=323 (full 0):
 garbage-first heap   total 138240K, used 117011K [0x00000000a3200000, 0x0000000100000000)
  region size 1024K, 78 young (79872K), 2 survivors (2048K)
 Metaspace       used 85532K, committed 86144K, reserved 1130496K
  class space    used 10971K, committed 11264K, reserved 1048576K
}
Event: 319.180 GC heap after
{Heap after GC invocations=324 (full 0):
 garbage-first heap   total 138240K, used 38955K [0x00000000a3200000, 0x0000000100000000)
  region size 1024K, 2 young (2048K), 2 survivors (2048K)
 Metaspace       used 85532K, committed 86144K, reserved 1130496K
  class space    used 10971K, committed 11264K, reserved 1048576K
}
Event: 319.726 GC heap before
{Heap before GC invocations=324 (full 0):
 garbage-first heap   total 138240K, used 117803K [0x00000000a3200000, 0x0000000100000000)
  region size 1024K, 79 young (80896K), 2 survivors (2048K)
 Metaspace       used 85532K, committed 86144K, reserved 1130496K
  class space    used 10971K, committed 11264K, reserved 1048576K
}
Event: 319.730 GC heap after
{Heap after GC invocations=325 (full 0):
 garbage-first heap   total 138240K, used 39379K [0x00000000a3200000, 0x0000000100000000)
  region size 1024K, 2 young (2048K), 2 survivors (2048K)
 Metaspace       used 85532K, committed 86144K, reserved 1130496K
  class space    used 10971K, committed 11264K, reserved 1048576K
}
Event: 320.500 GC heap before
{Heap before GC invocations=325 (full 0):
 garbage-first heap   total 138240K, used 118227K [0x00000000a3200000, 0x0000000100000000)
  region size 1024K, 79 young (80896K), 2 survivors (2048K)
 Metaspace       used 85532K, committed 86144K, reserved 1130496K
  class space    used 10971K, committed 11264K, reserved 1048576K
}
Event: 320.503 GC heap after
{Heap after GC invocations=326 (full 0):
 garbage-first heap   total 138240K, used 39244K [0x00000000a3200000, 0x0000000100000000)
  region size 1024K, 2 young (2048K), 2 survivors (2048K)
 Metaspace       used 85532K, committed 86144K, reserved 1130496K
  class space    used 10971K, committed 11264K, reserved 1048576K
}

