# JRE version: OpenJDK Runtime Environment Temurin-17.0.2+8 (17.0.2+8) (build 17.0.2+8)
# Java VM: OpenJDK 64-Bit Server VM Temurin-17.0.2+8 (17.0.2+8, mixed mode, tiered, compressed oops, compressed class ptrs, g1 gc, windows-amd64)
GC Precious Log:
 CPUs: 4 total, 4 available
 Memory: 5941M
 Large Page Support: Disabled
 NUMA Support: Disabled
 Compressed Oops: Enabled (32-bit)
 Heap Region Size: 1M
 Heap Min Capacity: 8M
 Heap Initial Capacity: 94M
 Heap Max Capacity: 1486M
 Pre-touch: Disabled
 Parallel Workers: 4
 Concurrent Workers: 1
 Concurrent Refinement Workers: 4
 Periodic GC: Disabled
Heap:
 garbage-first heap   total 133120K, used 56776K [0x00000000a3200000, 0x0000000100000000)
  region size 1024K, 16 young (16384K), 2 survivors (2048K)
 Metaspace       used 85845K, committed 86528K, reserved 1130496K
  class space    used 10991K, committed 11328K, reserved 1048576K
GC Heap History (20 events):
Event: 724.343 GC heap before
{Heap before GC invocations=724 (full 0):
 garbage-first heap   total 133120K, used 113657K [0x00000000a3200000, 0x0000000100000000)
  region size 1024K, 71 young (72704K), 2 survivors (2048K)
 Metaspace       used 85642K, committed 86272K, reserved 1130496K
  class space    used 10966K, committed 11264K, reserved 1048576K
}
Event: 724.349 GC heap after
{Heap after GC invocations=725 (full 0):
 garbage-first heap   total 133120K, used 44039K [0x00000000a3200000, 0x0000000100000000)
  region size 1024K, 3 young (3072K), 3 survivors (3072K)
 Metaspace       used 85642K, committed 86272K, reserved 1130496K
  class space    used 10966K, committed 11264K, reserved 1048576K
}
Event: 724.942 GC heap before
{Heap before GC invocations=725 (full 0):
 garbage-first heap   total 133120K, used 113671K [0x00000000a3200000, 0x0000000100000000)
  region size 1024K, 71 young (72704K), 3 survivors (3072K)
 Metaspace       used 85642K, committed 86272K, reserved 1130496K
  class space    used 10966K, committed 11264K, reserved 1048576K
}
Event: 724.945 GC heap after
{Heap after GC invocations=726 (full 0):
 garbage-first heap   total 133120K, used 42859K [0x00000000a3200000, 0x0000000100000000)
  region size 1024K, 2 young (2048K), 2 survivors (2048K)
 Metaspace       used 85642K, committed 86272K, reserved 1130496K
  class space    used 10966K, committed 11264K, reserved 1048576K
}
Event: 725.404 GC heap before
{Heap before GC invocations=726 (full 0):
 garbage-first heap   total 133120K, used 113515K [0x00000000a3200000, 0x0000000100000000)
  region size 1024K, 71 young (72704K), 2 survivors (2048K)
 Metaspace       used 85642K, committed 86272K, reserved 1130496K
  class space    used 10966K, committed 11264K, reserved 1048576K
}
Event: 725.407 GC heap after
{Heap after GC invocations=727 (full 0):
 garbage-first heap   total 133120K, used 42385K [0x00000000a3200000, 0x0000000100000000)
  region size 1024K, 1 young (1024K), 1 survivors (1024K)
 Metaspace       used 85642K, committed 86272K, reserved 1130496K
  class space    used 10966K, committed 11264K, reserved 1048576K
}
Event: 725.887 GC heap before
{Heap before GC invocations=727 (full 0):
 garbage-first heap   total 133120K, used 115089K [0x00000000a3200000, 0x0000000100000000)
  region size 1024K, 72 young (73728K), 1 survivors (1024K)
 Metaspace       used 85642K, committed 86272K, reserved 1130496K
  class space    used 10966K, committed 11264K, reserved 1048576K
}
Event: 725.891 GC heap after
{Heap after GC invocations=728 (full 0):
 garbage-first heap   total 133120K, used 43216K [0x00000000a3200000, 0x0000000100000000)
  region size 1024K, 2 young (2048K), 2 survivors (2048K)
 Metaspace       used 85642K, committed 86272K, reserved 1130496K
  class space    used 10966K, committed 11264K, reserved 1048576K
}
Event: 726.330 GC heap before
{Heap before GC invocations=728 (full 0):
 garbage-first heap   total 133120K, used 113872K [0x00000000a3200000, 0x0000000100000000)
  region size 1024K, 71 young (72704K), 2 survivors (2048K)
 Metaspace       used 85642K, committed 86272K, reserved 1130496K
  class space    used 10966K, committed 11264K, reserved 1048576K
}
Event: 726.333 GC heap after
{Heap after GC invocations=729 (full 0):
 garbage-first heap   total 133120K, used 43039K [0x00000000a3200000, 0x0000000100000000)
  region size 1024K, 2 young (2048K), 2 survivors (2048K)
 Metaspace       used 85642K, committed 86272K, reserved 1130496K
  class space    used 10966K, committed 11264K, reserved 1048576K
}
Event: 726.805 GC heap before
{Heap before GC invocations=729 (full 0):
 garbage-first heap   total 133120K, used 114719K [0x00000000a3200000, 0x0000000100000000)
  region size 1024K, 72 young (73728K), 2 survivors (2048K)
 Metaspace       used 85642K, committed 86272K, reserved 1130496K
  class space    used 10966K, committed 11264K, reserved 1048576K
}
Event: 726.810 GC heap after
{Heap after GC invocations=730 (full 0):
 garbage-first heap   total 133120K, used 43760K [0x00000000a3200000, 0x0000000100000000)
  region size 1024K, 3 young (3072K), 3 survivors (3072K)
 Metaspace       used 85642K, committed 86272K, reserved 1130496K
  class space    used 10966K, committed 11264K, reserved 1048576K
}
Event: 727.240 GC heap before
{Heap before GC invocations=730 (full 0):
 garbage-first heap   total 133120K, used 113392K [0x00000000a3200000, 0x0000000100000000)
  region size 1024K, 71 young (72704K), 3 survivors (3072K)
 Metaspace       used 85642K, committed 86272K, reserved 1130496K
  class space    used 10966K, committed 11264K, reserved 1048576K
}
Event: 727.243 GC heap after
{Heap after GC invocations=731 (full 0):
 garbage-first heap   total 133120K, used 42810K [0x00000000a3200000, 0x0000000100000000)
  region size 1024K, 2 young (2048K), 2 survivors (2048K)
 Metaspace       used 85642K, committed 86272K, reserved 1130496K
  class space    used 10966K, committed 11264K, reserved 1048576K
}
Event: 727.875 GC heap before
{Heap before GC invocations=731 (full 0):
 garbage-first heap   total 133120K, used 113466K [0x00000000a3200000, 0x0000000100000000)
  region size 1024K, 71 young (72704K), 2 survivors (2048K)
 Metaspace       used 85832K, committed 86464K, reserved 1130496K
  class space    used 10991K, committed 11328K, reserved 1048576K
}
Event: 727.882 GC heap after
{Heap after GC invocations=732 (full 0):
 garbage-first heap   total 133120K, used 43612K [0x00000000a3200000, 0x0000000100000000)
  region size 1024K, 3 young (3072K), 3 survivors (3072K)
 Metaspace       used 85832K, committed 86464K, reserved 1130496K
  class space    used 10991K, committed 11328K, reserved 1048576K
}
Event: 728.436 GC heap before
{Heap before GC invocations=732 (full 0):
 garbage-first heap   total 133120K, used 113244K [0x00000000a3200000, 0x0000000100000000)
  region size 1024K, 71 young (72704K), 3 survivors (3072K)
 Metaspace       used 85841K, committed 86528K, reserved 1130496K
  class space    used 10991K, committed 11328K, reserved 1048576K
}
Event: 728.440 GC heap after
{Heap after GC invocations=733 (full 0):
 garbage-first heap   total 133120K, used 43385K [0x00000000a3200000, 0x0000000100000000)
  region size 1024K, 2 young (2048K), 2 survivors (2048K)
 Metaspace       used 85841K, committed 86528K, reserved 1130496K
  class space    used 10991K, committed 11328K, reserved 1048576K
}
Event: 729.138 GC heap before
{Heap before GC invocations=733 (full 0):
 garbage-first heap   total 133120K, used 114041K [0x00000000a3200000, 0x0000000100000000)
  region size 1024K, 71 young (72704K), 2 survivors (2048K)
 Metaspace       used 85845K, committed 86528K, reserved 1130496K
  class space    used 10991K, committed 11328K, reserved 1048576K
}
Event: 729.143 GC heap after
{Heap after GC invocations=734 (full 0):
 garbage-first heap   total 133120K, used 43464K [0x00000000a3200000, 0x0000000100000000)
  region size 1024K, 2 young (2048K), 2 survivors (2048K)
 Metaspace       used 85845K, committed 86528K, reserved 1130496K
  class space    used 10991K, committed 11328K, reserved 1048576K
}

